#
# There is insufficient memory for the Java Runtime Environment to continue.
# Native memory allocation (malloc) failed to allocate 404736 bytes for Chunk::new
# Possible reasons:
#   The system is out of physical RAM or swap space
#   In 32 bit mode, the process size limit was hit
# Possible solutions:
#   Reduce memory load on the system
#   Increase physical memory or swap space
#   Check if swap backing store is full
#   Use 64 bit Java on a 64 bit OS
#   Decrease Java heap size (-Xmx/-Xms)
#   Decrease number of Java threads
#   Decrease Java thread stack sizes (-Xss)
#   Set larger code cache with -XX:ReservedCodeCacheSize=
# This output file may be truncated or incomplete.
#
#  Out of Memory Error (allocation.cpp:390), pid=4488, tid=0x0000000000001a50
#
# JRE version: Java(TM) SE Runtime Environment (8.0_92-b14) (build 1.8.0_92-b14)
# Java VM: Java HotSpot(TM) 64-Bit Server VM (25.92-b14 mixed mode windows-amd64 compressed oops)
# Failed to write core dump. Minidumps are not enabled by default on client versions of Windows
#

---------------  T H R E A D  ---------------

Current thread (0x0000000013f49000):  JavaThread "C2 CompilerThread0" daemon [_thread_in_native, id=6736, stack(0x0000000014f70000,0x0000000015070000)]

Stack: [0x0000000014f70000,0x0000000015070000]
[error occurred during error reporting (printing stack bounds), id 0xc0000005]

Native frames: (J=compiled Java code, j=interpreted, Vv=VM code, C=native code)


Current CompileTask:
C2:  10493 2169       4       java.io.WinNTFileSystem::normalize (231 bytes)


---------------  P R O C E S S  ---------------

Java Threads: ( => current thread )
  0x0000000013fbc800 JavaThread "Service Thread" daemon [_thread_blocked, id=1896, stack(0x0000000015170000,0x0000000015270000)]
  0x0000000013f4c800 JavaThread "C1 CompilerThread1" daemon [_thread_blocked, id=6920, stack(0x0000000015070000,0x0000000015170000)]
=>0x0000000013f49000 JavaThread "C2 CompilerThread0" daemon [_thread_in_native, id=6736, stack(0x0000000014f70000,0x0000000015070000)]
  0x0000000013f47800 JavaThread "Attach Listener" daemon [_thread_blocked, id=3592, stack(0x0000000014e70000,0x0000000014f70000)]
  0x0000000013f44800 JavaThread "Signal Dispatcher" daemon [_thread_blocked, id=1460, stack(0x0000000014d70000,0x0000000014e70000)]
  0x0000000013f38800 JavaThread "Finalizer" daemon [_thread_blocked, id=5084, stack(0x0000000014b90000,0x0000000014c90000)]
  0x0000000002e2c800 JavaThread "Reference Handler" daemon [_thread_blocked, id=6080, stack(0x0000000014a90000,0x0000000014b90000)]
  0x0000000002d40800 JavaThread "main" [_thread_in_native, id=184, stack(0x0000000002c00000,0x0000000002d00000)]

Other Threads:
  0x0000000013f16000 VMThread [stack: 0x0000000014990000,0x0000000014a90000] [id=6212]
  0x0000000013fb7000 WatcherThread [stack: 0x0000000015270000,0x0000000015370000] [id=6968]

VM state:not at safepoint (normal execution)

VM Mutex/Monitor currently owned by a thread: None

Heap:
 PSYoungGen      total 35840K, used 16290K [0x00000000f6100000, 0x00000000faa00000, 0x0000000100000000)
  eden space 31744K, 38% used [0x00000000f6100000,0x00000000f6ceb3a8,0x00000000f8000000)
  from space 4096K, 99% used [0x00000000f8000000,0x00000000f83fd640,0x00000000f8400000)
  to   space 5632K, 0% used [0x00000000fa480000,0x00000000fa480000,0x00000000faa00000)
 ParOldGen       total 20480K, used 7460K [0x00000000e2200000, 0x00000000e3600000, 0x00000000f6100000)
  object space 20480K, 36% used [0x00000000e2200000,0x00000000e29491c0,0x00000000e3600000)
 Metaspace       used 14509K, capacity 14690K, committed 14976K, reserved 1062912K
  class space    used 1778K, capacity 1875K, committed 1920K, reserved 1048576K

Card table byte_map: [0x0000000012280000,0x0000000012370000] byte_map_base: 0x0000000011b6f000

Marking Bits: (ParMarkBitMap*) 0x000000005a4964f0
 Begin Bits: [0x0000000012610000, 0x0000000012d88000)
 End Bits:   [0x0000000012d88000, 0x0000000013500000)

Polling page: 0x0000000002d00000

CodeCache: size=245760Kb used=7289Kb max_used=7289Kb free=238470Kb
 bounds [0x0000000002ec0000, 0x00000000035f0000, 0x0000000011ec0000]
 total_blobs=2507 nmethods=2170 adapters=250
 compilation: enabled

Compilation events (10 events):
Event: 10.452 Thread 0x0000000013f49000 2169       4       java.io.WinNTFileSystem::normalize (231 bytes)
Event: 10.452 Thread 0x0000000013f4c800 nmethod 2166 0x00000000035e0b50 code [0x00000000035e0cc0, 0x00000000035e0f68]
Event: 10.452 Thread 0x0000000013f4c800 2167   !   3       sun.nio.ch.NativeThreadSet::add (155 bytes)
Event: 10.453 Thread 0x0000000013f4c800 nmethod 2167 0x00000000035e2590 code [0x00000000035e2720, 0x00000000035e2dc8]
Event: 10.453 Thread 0x0000000013f4c800 2168   !   3       sun.nio.ch.NativeThreadSet::remove (50 bytes)
Event: 10.454 Thread 0x0000000013f4c800 nmethod 2168 0x00000000035e03d0 code [0x00000000035e0540, 0x00000000035e0988]
Event: 10.471 Thread 0x0000000013f4c800 2170       3       java.util.Properties::load0 (250 bytes)
Event: 10.473 Thread 0x0000000013f4c800 nmethod 2170 0x00000000035e63d0 code [0x00000000035e65c0, 0x00000000035e6fb8]
Event: 10.483 Thread 0x0000000013f4c800 2171       3       java.util.regex.Pattern$Begin::match (62 bytes)
Event: 10.484 Thread 0x0000000013f4c800 nmethod 2171 0x00000000035e1f10 code [0x00000000035e2080, 0x00000000035e23e8]

GC Heap History (10 events):
Event: 2.687 GC heap before
{Heap before GC invocations=3 (full 0):
 PSYoungGen      total 9216K, used 9216K [0x00000000f6100000, 0x00000000f6b00000, 0x0000000100000000)
  eden space 8192K, 100% used [0x00000000f6100000,0x00000000f6900000,0x00000000f6900000)
  from space 1024K, 100% used [0x00000000f6a00000,0x00000000f6b00000,0x00000000f6b00000)
  to   space 1024K, 0% used [0x00000000f6900000,0x00000000f6900000,0x00000000f6a00000)
 ParOldGen       total 20480K, used 1710K [0x00000000e2200000, 0x00000000e3600000, 0x00000000f6100000)
  object space 20480K, 8% used [0x00000000e2200000,0x00000000e23abb98,0x00000000e3600000)
 Metaspace       used 7442K, capacity 7612K, committed 7680K, reserved 1056768K
  class space    used 907K, capacity 984K, committed 1024K, reserved 1048576K
Event: 2.701 GC heap after
Heap after GC invocations=3 (full 0):
 PSYoungGen      total 9216K, used 1024K [0x00000000f6100000, 0x00000000f7300000, 0x0000000100000000)
  eden space 8192K, 0% used [0x00000000f6100000,0x00000000f6100000,0x00000000f6900000)
  from space 1024K, 100% used [0x00000000f6900000,0x00000000f6a00000,0x00000000f6a00000)
  to   space 1024K, 0% used [0x00000000f7200000,0x00000000f7200000,0x00000000f7300000)
 ParOldGen       total 20480K, used 2759K [0x00000000e2200000, 0x00000000e3600000, 0x00000000f6100000)
  object space 20480K, 13% used [0x00000000e2200000,0x00000000e24b1f68,0x00000000e3600000)
 Metaspace       used 7442K, capacity 7612K, committed 7680K, reserved 1056768K
  class space    used 907K, capacity 984K, committed 1024K, reserved 1048576K
}
Event: 3.021 GC heap before
{Heap before GC invocations=4 (full 0):
 PSYoungGen      total 9216K, used 9216K [0x00000000f6100000, 0x00000000f7300000, 0x0000000100000000)
  eden space 8192K, 100% used [0x00000000f6100000,0x00000000f6900000,0x00000000f6900000)
  from space 1024K, 100% used [0x00000000f6900000,0x00000000f6a00000,0x00000000f6a00000)
  to   space 1024K, 0% used [0x00000000f7200000,0x00000000f7200000,0x00000000f7300000)
 ParOldGen       total 20480K, used 2759K [0x00000000e2200000, 0x00000000e3600000, 0x00000000f6100000)
  object space 20480K, 13% used [0x00000000e2200000,0x00000000e24b1f68,0x00000000e3600000)
 Metaspace       used 7679K, capacity 7836K, committed 7936K, reserved 1056768K
  class space    used 955K, capacity 1016K, committed 1024K, reserved 1048576K
Event: 3.033 GC heap after
Heap after GC invocations=4 (full 0):
 PSYoungGen      total 17408K, used 1008K [0x00000000f6100000, 0x00000000f7300000, 0x0000000100000000)
  eden space 16384K, 0% used [0x00000000f6100000,0x00000000f6100000,0x00000000f7100000)
  from space 1024K, 98% used [0x00000000f7200000,0x00000000f72fc010,0x00000000f7300000)
  to   space 1024K, 0% used [0x00000000f7100000,0x00000000f7100000,0x00000000f7200000)
 ParOldGen       total 20480K, used 3252K [0x00000000e2200000, 0x00000000e3600000, 0x00000000f6100000)
  object space 20480K, 15% used [0x00000000e2200000,0x00000000e252d028,0x00000000e3600000)
 Metaspace       used 7679K, capacity 7836K, committed 7936K, reserved 1056768K
  class space    used 955K, capacity 1016K, committed 1024K, reserved 1048576K
}
Event: 3.968 GC heap before
{Heap before GC invocations=5 (full 0):
 PSYoungGen      total 17408K, used 17392K [0x00000000f6100000, 0x00000000f7300000, 0x0000000100000000)
  eden space 16384K, 100% used [0x00000000f6100000,0x00000000f7100000,0x00000000f7100000)
  from space 1024K, 98% used [0x00000000f7200000,0x00000000f72fc010,0x00000000f7300000)
  to   space 1024K, 0% used [0x00000000f7100000,0x00000000f7100000,0x00000000f7200000)
 ParOldGen       total 20480K, used 3252K [0x00000000e2200000, 0x00000000e3600000, 0x00000000f6100000)
  object space 20480K, 15% used [0x00000000e2200000,0x00000000e252d028,0x00000000e3600000)
 Metaspace       used 8950K, capacity 9134K, committed 9344K, reserved 1056768K
  class space    used 1099K, capacity 1148K, committed 1152K, reserved 1048576K
Event: 3.987 GC heap after
Heap after GC invocations=5 (full 0):
 PSYoungGen      total 17408K, used 1008K [0x00000000f6100000, 0x00000000f8700000, 0x0000000100000000)
  eden space 16384K, 0% used [0x00000000f6100000,0x00000000f6100000,0x00000000f7100000)
  from space 1024K, 98% used [0x00000000f7100000,0x00000000f71fc010,0x00000000f7200000)
  to   space 3072K, 0% used [0x00000000f8400000,0x00000000f8400000,0x00000000f8700000)
 ParOldGen       total 20480K, used 5259K [0x00000000e2200000, 0x00000000e3600000, 0x00000000f6100000)
  object space 20480K, 25% used [0x00000000e2200000,0x00000000e2722ca8,0x00000000e3600000)
 Metaspace       used 8950K, capacity 9134K, committed 9344K, reserved 1056768K
  class space    used 1099K, capacity 1148K, committed 1152K, reserved 1048576K
}
Event: 4.917 GC heap before
{Heap before GC invocations=6 (full 0):
 PSYoungGen      total 17408K, used 17392K [0x00000000f6100000, 0x00000000f8700000, 0x0000000100000000)
  eden space 16384K, 100% used [0x00000000f6100000,0x00000000f7100000,0x00000000f7100000)
  from space 1024K, 98% used [0x00000000f7100000,0x00000000f71fc010,0x00000000f7200000)
  to   space 3072K, 0% used [0x00000000f8400000,0x00000000f8400000,0x00000000f8700000)
 ParOldGen       total 20480K, used 5259K [0x00000000e2200000, 0x00000000e3600000, 0x00000000f6100000)
  object space 20480K, 25% used [0x00000000e2200000,0x00000000e2722ca8,0x00000000e3600000)
 Metaspace       used 10871K, capacity 11038K, committed 11264K, reserved 1058816K
  class space    used 1354K, capacity 1443K, committed 1536K, reserved 1048576K
Event: 4.931 GC heap after
Heap after GC invocations=6 (full 0):
 PSYoungGen      total 34816K, used 3048K [0x00000000f6100000, 0x00000000f8900000, 0x0000000100000000)
  eden space 31744K, 0% used [0x00000000f6100000,0x00000000f6100000,0x00000000f8000000)
  from space 3072K, 99% used [0x00000000f8400000,0x00000000f86fa058,0x00000000f8700000)
  to   space 4096K, 0% used [0x00000000f8000000,0x00000000f8000000,0x00000000f8400000)
 ParOldGen       total 20480K, used 5810K [0x00000000e2200000, 0x00000000e3600000, 0x00000000f6100000)
  object space 20480K, 28% used [0x00000000e2200000,0x00000000e27ac8a0,0x00000000e3600000)
 Metaspace       used 10871K, capacity 11038K, committed 11264K, reserved 1058816K
  class space    used 1354K, capacity 1443K, committed 1536K, reserved 1048576K
}
Event: 8.539 GC heap before
{Heap before GC invocations=7 (full 0):
 PSYoungGen      total 34816K, used 34792K [0x00000000f6100000, 0x00000000f8900000, 0x0000000100000000)
  eden space 31744K, 100% used [0x00000000f6100000,0x00000000f8000000,0x00000000f8000000)
  from space 3072K, 99% used [0x00000000f8400000,0x00000000f86fa058,0x00000000f8700000)
  to   space 4096K, 0% used [0x00000000f8000000,0x00000000f8000000,0x00000000f8400000)
 ParOldGen       total 20480K, used 5810K [0x00000000e2200000, 0x00000000e3600000, 0x00000000f6100000)
  object space 20480K, 28% used [0x00000000e2200000,0x00000000e27ac8a0,0x00000000e3600000)
 Metaspace       used 14292K, capacity 14562K, committed 14720K, reserved 1062912K
  class space    used 1766K, capacity 1875K, committed 1920K, reserved 1048576K
Event: 8.582 GC heap after
Heap after GC invocations=7 (full 0):
 PSYoungGen      total 35840K, used 4085K [0x00000000f6100000, 0x00000000faa00000, 0x0000000100000000)
  eden space 31744K, 0% used [0x00000000f6100000,0x00000000f6100000,0x00000000f8000000)
  from space 4096K, 99% used [0x00000000f8000000,0x00000000f83fd640,0x00000000f8400000)
  to   space 5632K, 0% used [0x00000000fa480000,0x00000000fa480000,0x00000000faa00000)
 ParOldGen       total 20480K, used 7460K [0x00000000e2200000, 0x00000000e3600000, 0x00000000f6100000)
  object space 20480K, 36% used [0x00000000e2200000,0x00000000e29491c0,0x00000000e3600000)
 Metaspace       used 14292K, capacity 14562K, committed 14720K, reserved 1062912K
  class space    used 1766K, capacity 1875K, committed 1920K, reserved 1048576K
}

Deoptimization events (10 events):
Event: 6.840 Thread 0x0000000002d40800 Uncommon trap: reason=unstable_if action=reinterpret pc=0x00000000031886b8 method=org.codehaus.plexus.util.xml.pull.MXParser.nextImpl()I @ 879
Event: 7.031 Thread 0x0000000002d40800 Uncommon trap: reason=unstable_if action=reinterpret pc=0x0000000003039744 method=java.lang.String.replace(CC)Ljava/lang/String; @ 2
Event: 7.139 Thread 0x0000000002d40800 Uncommon trap: reason=unstable_if action=reinterpret pc=0x0000000003216e28 method=java.lang.String.startsWith(Ljava/lang/String;I)Z @ 25
Event: 7.139 Thread 0x0000000002d40800 Uncommon trap: reason=unstable_if action=reinterpret pc=0x00000000030304a8 method=java.lang.String.startsWith(Ljava/lang/String;I)Z @ 25
Event: 7.755 Thread 0x0000000002d40800 Uncommon trap: reason=unstable_if action=reinterpret pc=0x00000000031c3efc method=java.lang.String.substring(I)Ljava/lang/String; @ 35
Event: 7.998 Thread 0x0000000002d40800 Uncommon trap: reason=null_check action=make_not_entrant pc=0x000000000349734c method=org.apache.maven.model.io.xpp3.MavenXpp3Reader.checkFieldWithDuplicate(Lorg/codehaus/plexus/util/xml/pull/XmlPullParser;Ljava/lang/String;Ljava/lang/String;Ljava/util/SetÅ›PÙÆ @
Event: 8.044 Thread 0x0000000002d40800 Uncommon trap: reason=unstable_if action=reinterpret pc=0x0000000003467084 method=org.codehaus.plexus.util.xml.pull.MXParser.nextImpl()I @ 1161
Event: 9.125 Thread 0x0000000002d40800 Uncommon trap: reason=unstable_if action=reinterpret pc=0x0000000003469008 method=sun.nio.cs.UTF_8$Decoder.decode([BII[C)I @ 30
Event: 9.126 Thread 0x0000000002d40800 Uncommon trap: reason=unstable_if action=reinterpret pc=0x0000000003161e24 method=sun.nio.cs.UTF_8$Decoder.decodeArrayLoop(Ljava/nio/ByteBuffer;Ljava/nio/CharBuffer;)Ljava/nio/charset/CoderResult; @ 84
Event: 9.332 Thread 0x0000000002d40800 Uncommon trap: reason=bimorphic action=maybe_recompile pc=0x0000000003478d34 method=java.util.concurrent.ConcurrentHashMap.get(Ljava/lang/Object;)Ljava/lang/Object; @ 149

Internal exceptions (10 events):
Event: 5.869 Thread 0x0000000002d40800 Exception <a 'java/lang/NoClassDefFoundError': com/google/inject/servlet/ServletModuleTargetVisitor> (0x00000000f6db8d20) thrown at [D:\re\workspace\8-2-build-windows-amd64-cygwin\jdk8u92\6642\hotspot\src\share\vm\classfile\systemDictionary.cpp, line 199]
Event: 5.869 Thread 0x0000000002d40800 Exception <a 'java/lang/NoClassDefFoundError'> (0x00000000f6db8d20) thrown at [D:\re\workspace\8-2-build-windows-amd64-cygwin\jdk8u92\6642\hotspot\src\share\vm\prims\jvm.cpp, line 1390]
Event: 5.872 Thread 0x0000000002d40800 Exception <a 'java/lang/NoClassDefFoundError': javax/annotation/Priority> (0x00000000f6dc2af8) thrown at [D:\re\workspace\8-2-build-windows-amd64-cygwin\jdk8u92\6642\hotspot\src\share\vm\classfile\systemDictionary.cpp, line 199]
Event: 6.713 Thread 0x0000000002d40800 Exception <a 'java/lang/NullPointerException'> (0x00000000f7452dc8) thrown at [D:\re\workspace\8-2-build-windows-amd64-cygwin\jdk8u92\6642\hotspot\src\share\vm\interpreter\linkResolver.cpp, line 1178]
Event: 6.713 Thread 0x0000000002d40800 Exception <a 'java/lang/NullPointerException'> (0x00000000f7452fe0) thrown at [D:\re\workspace\8-2-build-windows-amd64-cygwin\jdk8u92\6642\hotspot\src\share\vm\interpreter\linkResolver.cpp, line 1178]
Event: 6.713 Thread 0x0000000002d40800 Exception <a 'java/lang/NullPointerException'> (0x00000000f74531f8) thrown at [D:\re\workspace\8-2-build-windows-amd64-cygwin\jdk8u92\6642\hotspot\src\share\vm\interpreter\linkResolver.cpp, line 1178]
Event: 6.717 Thread 0x0000000002d40800 Exception <a 'java/lang/NullPointerException'> (0x00000000f746e808) thrown at [D:\re\workspace\8-2-build-windows-amd64-cygwin\jdk8u92\6642\hotspot\src\share\vm\interpreter\linkResolver.cpp, line 1178]
Event: 6.717 Thread 0x0000000002d40800 Exception <a 'java/lang/NullPointerException'> (0x00000000f746ea20) thrown at [D:\re\workspace\8-2-build-windows-amd64-cygwin\jdk8u92\6642\hotspot\src\share\vm\interpreter\linkResolver.cpp, line 1178]
Event: 6.717 Thread 0x0000000002d40800 Exception <a 'java/lang/NullPointerException'> (0x00000000f746ec38) thrown at [D:\re\workspace\8-2-build-windows-amd64-cygwin\jdk8u92\6642\hotspot\src\share\vm\interpreter\linkResolver.cpp, line 1178]
Event: 7.998 Thread 0x0000000002d40800 Implicit null exception at 0x00000000034970ef to 0x0000000003497331

Events (10 events):
Event: 10.403 loading class org/eclipse/aether/util/graph/transformer/ConflictResolver$ScopeContext
Event: 10.403 loading class org/eclipse/aether/util/graph/transformer/ConflictResolver$ScopeContext done
Event: 10.405 loading class org/eclipse/aether/util/graph/transformer/NearestVersionSelector$ConflictGroup
Event: 10.405 loading class org/eclipse/aether/util/graph/transformer/NearestVersionSelector$ConflictGroup done
Event: 10.427 loading class org/eclipse/aether/util/graph/visitor/Stack
Event: 10.427 loading class org/eclipse/aether/util/graph/visitor/Stack done
Event: 10.429 loading class org/eclipse/aether/util/graph/visitor/TreeDependencyVisitor
Event: 10.429 loading class org/eclipse/aether/util/graph/visitor/TreeDependencyVisitor done
Event: 10.452 Thread 0x0000000002d40800 DEOPT PACKING pc=0x0000000002ff1dad sp=0x0000000002cfdc70
Event: 10.454 Thread 0x0000000002d40800 DEOPT UNPACKING pc=0x0000000002f0747f sp=0x0000000002cfda28 mode 0


Dynamic libraries:
0x00007ff744310000 - 0x00007ff744347000 	C:\Program Files\Java\jdk1.8.0_92\jre\bin\javaw.exe
0x00007ff996320000 - 0x00007ff9964e2000 	C:\Windows\SYSTEM32\ntdll.dll
0x00007ff9939f0000 - 0x00007ff993a9d000 	C:\Windows\system32\KERNEL32.DLL
0x00007ff993810000 - 0x00007ff9939ed000 	C:\Windows\system32\KERNELBASE.dll
0x00007ff994590000 - 0x00007ff994636000 	C:\Windows\system32\ADVAPI32.dll
0x00007ff994100000 - 0x00007ff99419d000 	C:\Windows\system32\msvcrt.dll
0x00007ff9941a0000 - 0x00007ff9941fb000 	C:\Windows\system32\sechost.dll
0x00007ff9961f0000 - 0x00007ff996316000 	C:\Windows\system32\RPCRT4.dll
0x00007ff9949d0000 - 0x00007ff994b1e000 	C:\Windows\system32\USER32.dll
0x00007ff993dd0000 - 0x00007ff993f55000 	C:\Windows\system32\GDI32.dll
0x00007ff98c390000 - 0x00007ff98c604000 	C:\Windows\WinSxS\amd64_microsoft.windows.common-controls_6595b64144ccf1df_6.0.10240.16384_none_f41f7b285750ef43\COMCTL32.dll
0x00007ff993f60000 - 0x00007ff993f96000 	C:\Windows\system32\IMM32.DLL
0x00007ff993fa0000 - 0x00007ff9940fc000 	C:\Windows\system32\MSCTF.dll
0x000000005a520000 - 0x000000005a5f2000 	C:\Program Files\Java\jdk1.8.0_92\jre\bin\msvcr100.dll
0x0000000059c80000 - 0x000000005a516000 	C:\Program Files\Java\jdk1.8.0_92\jre\bin\server\jvm.dll
0x00007ff9946b0000 - 0x00007ff9946b8000 	C:\Windows\system32\PSAPI.DLL
0x00007ff98e750000 - 0x00007ff98e759000 	C:\Windows\SYSTEM32\WSOCK32.dll
0x00007ff994520000 - 0x00007ff994589000 	C:\Windows\system32\WS2_32.dll
0x00007ff993d60000 - 0x00007ff993d68000 	C:\Windows\system32\NSI.dll
0x00007ff990f30000 - 0x00007ff990f53000 	C:\Windows\SYSTEM32\WINMM.dll
0x00007ff9898f0000 - 0x00007ff9898fa000 	C:\Windows\SYSTEM32\VERSION.dll
0x00007ff990ed0000 - 0x00007ff990efc000 	C:\Windows\SYSTEM32\WINMMBASE.dll
0x00007ff993650000 - 0x00007ff993694000 	C:\Windows\system32\cfgmgr32.dll
0x00007ff991620000 - 0x00007ff991647000 	C:\Windows\SYSTEM32\DEVOBJ.dll
0x0000000059c70000 - 0x0000000059c7f000 	C:\Program Files\Java\jdk1.8.0_92\jre\bin\verify.dll
0x0000000059c40000 - 0x0000000059c69000 	C:\Program Files\Java\jdk1.8.0_92\jre\bin\java.dll
0x0000000059c20000 - 0x0000000059c36000 	C:\Program Files\Java\jdk1.8.0_92\jre\bin\zip.dll
0x00007ff994cc0000 - 0x00007ff9961e3000 	C:\Windows\system32\SHELL32.dll
0x00007ff993020000 - 0x00007ff993649000 	C:\Windows\system32\windows.storage.dll
0x00007ff9946c0000 - 0x00007ff99493c000 	C:\Windows\system32\combase.dll
0x00007ff994960000 - 0x00007ff9949b1000 	C:\Windows\system32\shlwapi.dll
0x00007ff992dc0000 - 0x00007ff992dcf000 	C:\Windows\system32\kernel.appcore.dll
0x00007ff9936a0000 - 0x00007ff993753000 	C:\Windows\system32\shcore.dll
0x00007ff992d70000 - 0x00007ff992dba000 	C:\Windows\system32\powrprof.dll
0x00007ff992d50000 - 0x00007ff992d63000 	C:\Windows\system32\profapi.dll
0x0000000059c00000 - 0x0000000059c1a000 	C:\Program Files\Java\jdk1.8.0_92\jre\bin\net.dll
0x00007ff9925d0000 - 0x00007ff99262d000 	C:\Windows\system32\mswsock.dll
0x0000000059be0000 - 0x0000000059bf1000 	C:\Program Files\Java\jdk1.8.0_92\jre\bin\nio.dll

VM Arguments:
jvm_args: -Dmaven.home=EMBEDDED -Dclassworlds.conf=C:\Users\ravan\workspace\.metadata\.plugins\org.eclipse.m2e.launching\launches\m2conf4884609733362950392.tmp -Dmaven.multiModuleProjectDirectory=C:\Users\ravan\Documents\PathwayProj\pathway -Dfile.encoding=Cp1252 
java_command: org.codehaus.plexus.classworlds.launcher.Launcher -B install
java_class_path (initial): /C:/Users/ravan/eclipse/java-neon/eclipse/../../../.p2/pool/plugins/org.eclipse.m2e.maven.runtime_1.7.0.20160603-1931/jars/plexus-classworlds-2.5.2.jar
Launcher Type: SUN_STANDARD

Environment Variables:
PATH=C:/Program Files/Java/jre1.8.0_92/bin/server;C:/Program Files/Java/jre1.8.0_92/bin;C:/Program Files/Java/jre1.8.0_92/lib/amd64;C:\ProgramData\Oracle\Java\javapath;C:\Program Files\Broadcom\Broadcom 802.11 Network Adapter;C:\Program Files (x86)\Intel\TXE Components\TCS\;C:\Program Files\Intel\TXE Components\TCS\;C:\Windows\system32;C:\Windows;C:\Windows\System32\Wbem;C:\Windows\System32\WindowsPowerShell\v1.0\;C:\Program Files\Intel\TXE Components\DAL\;C:\Program Files (x86)\Intel\TXE Components\DAL\;C:\Program Files\Intel\TXE Components\IPT\;C:\Program Files (x86)\Intel\TXE Components\IPT\;C:\Program Files\Git\cmd;C:\Windows\system32;
USERNAME=ravan
OS=Windows_NT
PROCESSOR_IDENTIFIER=Intel64 Family 6 Model 76 Stepping 3, GenuineIntel



---------------  S Y S T E M  ---------------

OS: Windows 10.0 , 64 bit Build 10240 (10.0.10240.16384)

CPU:total 2 (2 cores per cpu, 1 threads per core) family 6 model 76 stepping 3, cmov, cx8, fxsr, mmx, sse, sse2, sse3, ssse3, sse4.1, sse4.2, popcnt, aes, clmul, erms, 3dnowpref, tsc, tscinvbit

Memory: 4k page, physical 1950992k(137416k free), swap 5624076k(5052k free)

vm_info: Java HotSpot(TM) 64-Bit Server VM (25.92-b14) for windows-amd64 JRE (1.8.0_92-b14), built on Mar 31 2016 21:03:04 by "java_re" with MS VC++ 10.0 (VS2010)

time: Tue Sep 13 14:28:11 2016
elapsed time: 10 seconds (0d 0h 0m 10s)

