#
# There is insufficient memory for the Java Runtime Environment to continue.
# Native memory allocation (malloc) failed to allocate 1062448 bytes for Chunk::new
# Possible reasons:
#   The system is out of physical RAM or swap space
#   In 32 bit mode, the process size limit was hit
# Possible solutions:
#   Reduce memory load on the system
#   Increase physical memory or swap space
#   Check if swap backing store is full
#   Use 64 bit Java on a 64 bit OS
#   Decrease Java heap size (-Xmx/-Xms)
#   Decrease number of Java threads
#   Decrease Java thread stack sizes (-Xss)
#   Set larger code cache with -XX:ReservedCodeCacheSize=
# This output file may be truncated or incomplete.
#
#  Out of Memory Error (allocation.cpp:390), pid=5896, tid=0x00000000000013a4
#
# JRE version: Java(TM) SE Runtime Environment (8.0_92-b14) (build 1.8.0_92-b14)
# Java VM: Java HotSpot(TM) 64-Bit Server VM (25.92-b14 mixed mode windows-amd64 compressed oops)
# Failed to write core dump. Minidumps are not enabled by default on client versions of Windows
#

---------------  T H R E A D  ---------------

Current thread (0x0000000013529000):  JavaThread "C2 CompilerThread0" daemon [_thread_in_native, id=5028, stack(0x0000000014460000,0x0000000014560000)]

Stack: [0x0000000014460000,0x0000000014560000]
[error occurred during error reporting (printing stack bounds), id 0xc0000005]

Native frames: (J=compiled Java code, j=interpreted, Vv=VM code, C=native code)


Current CompileTask:
C2:  29649 3225 %     4       com.sun.tools.javac.file.ZipFileIndex$ZipDirectory::readEntry @ 102 (587 bytes)


---------------  P R O C E S S  ---------------

Java Threads: ( => current thread )
  0x0000000013593000 JavaThread "Service Thread" daemon [_thread_blocked, id=1032, stack(0x0000000014660000,0x0000000014760000)]
  0x0000000013584000 JavaThread "C1 CompilerThread1" daemon [_thread_blocked, id=4756, stack(0x0000000014560000,0x0000000014660000)]
=>0x0000000013529000 JavaThread "C2 CompilerThread0" daemon [_thread_in_native, id=5028, stack(0x0000000014460000,0x0000000014560000)]
  0x0000000013527800 JavaThread "Attach Listener" daemon [_thread_blocked, id=6172, stack(0x0000000014360000,0x0000000014460000)]
  0x0000000013524800 JavaThread "Signal Dispatcher" daemon [_thread_blocked, id=6544, stack(0x0000000014260000,0x0000000014360000)]
  0x0000000013518800 JavaThread "Finalizer" daemon [_thread_blocked, id=5364, stack(0x0000000014160000,0x0000000014260000)]
  0x000000000252c800 JavaThread "Reference Handler" daemon [_thread_blocked, id=3736, stack(0x0000000014060000,0x0000000014160000)]
  0x0000000002440800 JavaThread "main" [_thread_in_Java, id=6616, stack(0x0000000002250000,0x0000000002350000)]

Other Threads:
  0x00000000134f6800 VMThread [stack: 0x0000000013f60000,0x0000000014060000] [id=5980]
  0x000000001358c000 WatcherThread [stack: 0x0000000014760000,0x0000000014860000] [id=3028]

VM state:not at safepoint (normal execution)

VM Mutex/Monitor currently owned by a thread: None

Heap:
 PSYoungGen      total 69120K, used 18657K [0x00000000f6100000, 0x00000000fad00000, 0x0000000100000000)
  eden space 61952K, 30% used [0x00000000f6100000,0x00000000f73384f0,0x00000000f9d80000)
  from space 7168K, 0% used [0x00000000f9d80000,0x00000000f9d80000,0x00000000fa480000)
  to   space 5632K, 0% used [0x00000000fa480000,0x00000000fa480000,0x00000000faa00000)
 ParOldGen       total 25600K, used 10818K [0x00000000e2200000, 0x00000000e3b00000, 0x00000000f6100000)
  object space 25600K, 42% used [0x00000000e2200000,0x00000000e2c90958,0x00000000e3b00000)
 Metaspace       used 21170K, capacity 21648K, committed 21760K, reserved 1069056K
  class space    used 2581K, capacity 2748K, committed 2816K, reserved 1048576K

Card table byte_map: [0x0000000011900000,0x00000000119f0000] byte_map_base: 0x00000000111ef000

Marking Bits: (ParMarkBitMap*) 0x0000000069c564f0
 Begin Bits: [0x0000000011bf0000, 0x0000000012368000)
 End Bits:   [0x0000000012368000, 0x0000000012ae0000)

Polling page: 0x00000000005e0000

CodeCache: size=245760Kb used=10056Kb max_used=10546Kb free=235703Kb
 bounds [0x0000000002540000, 0x0000000002fc0000, 0x0000000011540000]
 total_blobs=3413 nmethods=3041 adapters=285
 compilation: enabled

Compilation events (10 events):
Event: 29.509 Thread 0x0000000013584000 3303       2       sun.nio.cs.UTF_8::newDecoder (10 bytes)
Event: 29.509 Thread 0x0000000013584000 nmethod 3303 0x00000000027f6f10 code [0x00000000027f70a0, 0x00000000027f72a8]
Event: 29.536 Thread 0x0000000013584000 3304   !   2       sun.nio.cs.StreamDecoder::forInputStreamReader (48 bytes)
Event: 29.538 Thread 0x0000000013584000 nmethod 3304 0x0000000002789c50 code [0x0000000002789e20, 0x000000000278a2a8]
Event: 29.601 Thread 0x0000000013584000 3305       2       java.io.InputStreamReader::<init> (30 bytes)
Event: 29.602 Thread 0x0000000013584000 nmethod 3305 0x00000000027f68d0 code [0x00000000027f6a60, 0x00000000027f6d88]
Event: 29.609 Thread 0x0000000013584000 3306       1       org.eclipse.aether.graph.Dependency$Exclusions::access$000 (5 bytes)
Event: 29.609 Thread 0x0000000013584000 nmethod 3306 0x00000000027f65d0 code [0x00000000027f6720, 0x00000000027f6810]
Event: 29.634 Thread 0x0000000013584000 3307   !   2       org.apache.maven.model.Exclusion::clone (73 bytes)
Event: 29.636 Thread 0x0000000013584000 nmethod 3307 0x0000000002788f90 code [0x0000000002789180, 0x00000000027897d8]

GC Heap History (10 events):
Event: 7.334 GC heap before
{Heap before GC invocations=6 (full 0):
 PSYoungGen      total 17408K, used 17408K [0x00000000f6100000, 0x00000000f8700000, 0x0000000100000000)
  eden space 16384K, 100% used [0x00000000f6100000,0x00000000f7100000,0x00000000f7100000)
  from space 1024K, 100% used [0x00000000f7100000,0x00000000f7200000,0x00000000f7200000)
  to   space 3072K, 0% used [0x00000000f8400000,0x00000000f8400000,0x00000000f8700000)
 ParOldGen       total 20480K, used 5184K [0x00000000e2200000, 0x00000000e3600000, 0x00000000f6100000)
  object space 20480K, 25% used [0x00000000e2200000,0x00000000e2710330,0x00000000e3600000)
 Metaspace       used 10858K, capacity 11038K, committed 11264K, reserved 1058816K
  class space    used 1356K, capacity 1443K, committed 1536K, reserved 1048576K
Event: 7.354 GC heap after
Heap after GC invocations=6 (full 0):
 PSYoungGen      total 34816K, used 3043K [0x00000000f6100000, 0x00000000f8900000, 0x0000000100000000)
  eden space 31744K, 0% used [0x00000000f6100000,0x00000000f6100000,0x00000000f8000000)
  from space 3072K, 99% used [0x00000000f8400000,0x00000000f86f8f08,0x00000000f8700000)
  to   space 4096K, 0% used [0x00000000f8000000,0x00000000f8000000,0x00000000f8400000)
 ParOldGen       total 20480K, used 5641K [0x00000000e2200000, 0x00000000e3600000, 0x00000000f6100000)
  object space 20480K, 27% used [0x00000000e2200000,0x00000000e2782778,0x00000000e3600000)
 Metaspace       used 10858K, capacity 11038K, committed 11264K, reserved 1058816K
  class space    used 1356K, capacity 1443K, committed 1536K, reserved 1048576K
}
Event: 10.672 GC heap before
{Heap before GC invocations=7 (full 0):
 PSYoungGen      total 34816K, used 34787K [0x00000000f6100000, 0x00000000f8900000, 0x0000000100000000)
  eden space 31744K, 100% used [0x00000000f6100000,0x00000000f8000000,0x00000000f8000000)
  from space 3072K, 99% used [0x00000000f8400000,0x00000000f86f8f08,0x00000000f8700000)
  to   space 4096K, 0% used [0x00000000f8000000,0x00000000f8000000,0x00000000f8400000)
 ParOldGen       total 20480K, used 5641K [0x00000000e2200000, 0x00000000e3600000, 0x00000000f6100000)
  object space 20480K, 27% used [0x00000000e2200000,0x00000000e2782778,0x00000000e3600000)
 Metaspace       used 14291K, capacity 14562K, committed 14720K, reserved 1062912K
  class space    used 1769K, capacity 1875K, committed 1920K, reserved 1048576K
Event: 10.713 GC heap after
Heap after GC invocations=7 (full 0):
 PSYoungGen      total 35840K, used 4088K [0x00000000f6100000, 0x00000000faa00000, 0x0000000100000000)
  eden space 31744K, 0% used [0x00000000f6100000,0x00000000f6100000,0x00000000f8000000)
  from space 4096K, 99% used [0x00000000f8000000,0x00000000f83fe1c8,0x00000000f8400000)
  to   space 5632K, 0% used [0x00000000fa480000,0x00000000fa480000,0x00000000faa00000)
 ParOldGen       total 20480K, used 7281K [0x00000000e2200000, 0x00000000e3600000, 0x00000000f6100000)
  object space 20480K, 35% used [0x00000000e2200000,0x00000000e291c738,0x00000000e3600000)
 Metaspace       used 14291K, capacity 14562K, committed 14720K, reserved 1062912K
  class space    used 1769K, capacity 1875K, committed 1920K, reserved 1048576K
}
Event: 13.940 GC heap before
{Heap before GC invocations=8 (full 0):
 PSYoungGen      total 35840K, used 35832K [0x00000000f6100000, 0x00000000faa00000, 0x0000000100000000)
  eden space 31744K, 100% used [0x00000000f6100000,0x00000000f8000000,0x00000000f8000000)
  from space 4096K, 99% used [0x00000000f8000000,0x00000000f83fe1c8,0x00000000f8400000)
  to   space 5632K, 0% used [0x00000000fa480000,0x00000000fa480000,0x00000000faa00000)
 ParOldGen       total 20480K, used 7281K [0x00000000e2200000, 0x00000000e3600000, 0x00000000f6100000)
  object space 20480K, 35% used [0x00000000e2200000,0x00000000e291c738,0x00000000e3600000)
 Metaspace       used 16009K, capacity 16270K, committed 16512K, reserved 1062912K
  class space    used 1969K, capacity 2083K, committed 2176K, reserved 1048576K
Event: 13.967 GC heap after
Heap after GC invocations=8 (full 0):
 PSYoungGen      total 67584K, used 5609K [0x00000000f6100000, 0x00000000fad00000, 0x0000000100000000)
  eden space 61952K, 0% used [0x00000000f6100000,0x00000000f6100000,0x00000000f9d80000)
  from space 5632K, 99% used [0x00000000fa480000,0x00000000fa9fa6c8,0x00000000faa00000)
  to   space 7168K, 0% used [0x00000000f9d80000,0x00000000f9d80000,0x00000000fa480000)
 ParOldGen       total 20480K, used 8556K [0x00000000e2200000, 0x00000000e3600000, 0x00000000f6100000)
  object space 20480K, 41% used [0x00000000e2200000,0x00000000e2a5b1e8,0x00000000e3600000)
 Metaspace       used 16009K, capacity 16270K, committed 16512K, reserved 1062912K
  class space    used 1969K, capacity 2083K, committed 2176K, reserved 1048576K
}
Event: 20.611 GC heap before
{Heap before GC invocations=9 (full 0):
 PSYoungGen      total 67584K, used 65946K [0x00000000f6100000, 0x00000000fad00000, 0x0000000100000000)
  eden space 61952K, 97% used [0x00000000f6100000,0x00000000f9bec168,0x00000000f9d80000)
  from space 5632K, 99% used [0x00000000fa480000,0x00000000fa9fa6c8,0x00000000faa00000)
  to   space 7168K, 0% used [0x00000000f9d80000,0x00000000f9d80000,0x00000000fa480000)
 ParOldGen       total 20480K, used 8556K [0x00000000e2200000, 0x00000000e3600000, 0x00000000f6100000)
  object space 20480K, 41% used [0x00000000e2200000,0x00000000e2a5b1e8,0x00000000e3600000)
 Metaspace       used 20688K, capacity 21098K, committed 21248K, reserved 1067008K
  class space    used 2538K, capacity 2715K, committed 2816K, reserved 1048576K
Event: 20.675 GC heap after
Heap after GC invocations=9 (full 0):
 PSYoungGen      total 69120K, used 7152K [0x00000000f6100000, 0x00000000fad00000, 0x0000000100000000)
  eden space 61952K, 0% used [0x00000000f6100000,0x00000000f6100000,0x00000000f9d80000)
  from space 7168K, 99% used [0x00000000f9d80000,0x00000000fa47c030,0x00000000fa480000)
  to   space 5632K, 0% used [0x00000000fa480000,0x00000000fa480000,0x00000000faa00000)
 ParOldGen       total 20480K, used 10613K [0x00000000e2200000, 0x00000000e3600000, 0x00000000f6100000)
  object space 20480K, 51% used [0x00000000e2200000,0x00000000e2c5d4b8,0x00000000e3600000)
 Metaspace       used 20688K, capacity 21098K, committed 21248K, reserved 1067008K
  class space    used 2538K, capacity 2715K, committed 2816K, reserved 1048576K
}
Event: 20.675 GC heap before
{Heap before GC invocations=10 (full 1):
 PSYoungGen      total 69120K, used 7152K [0x00000000f6100000, 0x00000000fad00000, 0x0000000100000000)
  eden space 61952K, 0% used [0x00000000f6100000,0x00000000f6100000,0x00000000f9d80000)
  from space 7168K, 99% used [0x00000000f9d80000,0x00000000fa47c030,0x00000000fa480000)
  to   space 5632K, 0% used [0x00000000fa480000,0x00000000fa480000,0x00000000faa00000)
 ParOldGen       total 20480K, used 10613K [0x00000000e2200000, 0x00000000e3600000, 0x00000000f6100000)
  object space 20480K, 51% used [0x00000000e2200000,0x00000000e2c5d4b8,0x00000000e3600000)
 Metaspace       used 20688K, capacity 21098K, committed 21248K, reserved 1067008K
  class space    used 2538K, capacity 2715K, committed 2816K, reserved 1048576K
Event: 20.999 GC heap after
Heap after GC invocations=10 (full 1):
 PSYoungGen      total 69120K, used 0K [0x00000000f6100000, 0x00000000fad00000, 0x0000000100000000)
  eden space 61952K, 0% used [0x00000000f6100000,0x00000000f6100000,0x00000000f9d80000)
  from space 7168K, 0% used [0x00000000f9d80000,0x00000000f9d80000,0x00000000fa480000)
  to   space 5632K, 0% used [0x00000000fa480000,0x00000000fa480000,0x00000000faa00000)
 ParOldGen       total 25600K, used 10818K [0x00000000e2200000, 0x00000000e3b00000, 0x00000000f6100000)
  object space 25600K, 42% used [0x00000000e2200000,0x00000000e2c90958,0x00000000e3b00000)
 Metaspace       used 20688K, capacity 21098K, committed 21248K, reserved 1067008K
  class space    used 2538K, capacity 2715K, committed 2816K, reserved 1048576K
}

Deoptimization events (10 events):
Event: 16.418 Thread 0x0000000002440800 Uncommon trap: reason=class_check action=maybe_recompile pc=0x0000000002d30960 method=org.apache.maven.model.interpolation.StringSearchModelInterpolator$InterpolateObjectAction$MapField.doInterpolate(Ljava/lang/Object;Lorg/apache/maven/model/interpolation/
Event: 16.418 Thread 0x0000000002440800 Uncommon trap: reason=class_check action=maybe_recompile pc=0x0000000002d30960 method=org.apache.maven.model.interpolation.StringSearchModelInterpolator$InterpolateObjectAction$MapField.doInterpolate(Ljava/lang/Object;Lorg/apache/maven/model/interpolation/ºöÒÚk0@
Event: 16.418 Thread 0x0000000002440800 Uncommon trap: reason=class_check action=maybe_recompile pc=0x0000000002d30960 method=org.apache.maven.model.interpolation.StringSearchModelInterpolator$InterpolateObjectAction$MapField.doInterpolate(Ljava/lang/Object;Lorg/apache/maven/model/interpolation/=7Ü–
2@
Event: 18.041 Thread 0x0000000002440800 Uncommon trap: reason=bimorphic action=maybe_recompile pc=0x0000000002afaf64 method=java.util.regex.Pattern$CharProperty.match(Ljava/util/regex/Matcher;ILjava/lang/CharSequence;)Z @ 37
Event: 18.267 Thread 0x0000000002440800 Uncommon trap: reason=unstable_if action=reinterpret pc=0x0000000002de6638 method=org.apache.maven.model.ConfigurationContainer.clone()Lorg/apache/maven/model/ConfigurationContainer; @ 37
Event: 19.410 Thread 0x0000000002440800 Uncommon trap: reason=bimorphic action=maybe_recompile pc=0x0000000002afaf64 method=java.util.regex.Pattern$CharProperty.match(Ljava/util/regex/Matcher;ILjava/lang/CharSequence;)Z @ 37
Event: 19.504 Thread 0x0000000002440800 Uncommon trap: reason=unstable_if action=reinterpret pc=0x0000000002e516d8 method=com.google.inject.internal.InjectorImpl.callInContext(Lcom/google/inject/internal/ContextualCallable;)Ljava/lang/Object; @ 161
Event: 19.638 Thread 0x0000000002440800 Uncommon trap: reason=unstable_if action=reinterpret pc=0x000000000265f948 method=java.net.URI.match(CJJ)Z @ 19
Event: 19.639 Thread 0x0000000002440800 Uncommon trap: reason=unstable_if action=reinterpret pc=0x0000000002e30588 method=java.nio.charset.CharsetDecoder.decode(Ljava/nio/ByteBuffer;Ljava/nio/CharBuffer;Z)Ljava/nio/charset/CoderResult; @ 1
Event: 29.033 Thread 0x0000000002440800 Uncommon trap: reason=unstable_if action=reinterpret pc=0x00000000028afe34 method=java.io.WinNTFileSystem.normalize(Ljava/lang/String;)Ljava/lang/String; @ 128

Internal exceptions (10 events):
Event: 9.100 Thread 0x0000000002440800 Exception <a 'java/lang/NullPointerException'> (0x00000000f7478aa0) thrown at [D:\re\workspace\8-2-build-windows-amd64-cygwin\jdk8u92\6642\hotspot\src\share\vm\interpreter\linkResolver.cpp, line 1178]
Event: 9.104 Thread 0x0000000002440800 Exception <a 'java/lang/NullPointerException'> (0x00000000f74940b0) thrown at [D:\re\workspace\8-2-build-windows-amd64-cygwin\jdk8u92\6642\hotspot\src\share\vm\interpreter\linkResolver.cpp, line 1178]
Event: 9.104 Thread 0x0000000002440800 Exception <a 'java/lang/NullPointerException'> (0x00000000f74942c8) thrown at [D:\re\workspace\8-2-build-windows-amd64-cygwin\jdk8u92\6642\hotspot\src\share\vm\interpreter\linkResolver.cpp, line 1178]
Event: 9.104 Thread 0x0000000002440800 Exception <a 'java/lang/NullPointerException'> (0x00000000f74944e0) thrown at [D:\re\workspace\8-2-build-windows-amd64-cygwin\jdk8u92\6642\hotspot\src\share\vm\interpreter\linkResolver.cpp, line 1178]
Event: 10.305 Thread 0x0000000002440800 Implicit null exception at 0x0000000002b1766f to 0x0000000002b178b1
Event: 14.137 Thread 0x0000000002440800 Implicit null exception at 0x00000000028f9695 to 0x00000000028f986d
Event: 14.137 Thread 0x0000000002440800 Implicit null exception at 0x00000000028e3faf to 0x00000000028e4019
Event: 19.504 Thread 0x0000000002440800 Implicit null exception at 0x0000000002e5057d to 0x0000000002e516bd
Event: 28.640 Thread 0x0000000002440800 Exception <a 'java/io/FileNotFoundException'> (0x00000000f680f1b0) thrown at [D:\re\workspace\8-2-build-windows-amd64-cygwin\jdk8u92\6642\hotspot\src\share\vm\prims\jni.cpp, line 709]
Event: 28.686 Thread 0x0000000002440800 Exception <a 'java/io/FileNotFoundException'> (0x00000000f6842e38) thrown at [D:\re\workspace\8-2-build-windows-amd64-cygwin\jdk8u92\6642\hotspot\src\share\vm\prims\jni.cpp, line 709]

Events (10 events):
Event: 28.861 Thread 0x0000000002440800 DEOPT UNPACKING pc=0x000000000258747f sp=0x000000000234c6e8 mode 0
Event: 28.987 loading class javax/lang/model/SourceVersion
Event: 28.987 loading class javax/lang/model/SourceVersion done
Event: 29.033 Thread 0x0000000002440800 Uncommon trap: trap_request=0xffffff65 fr.pc=0x00000000028afe34
Event: 29.033 Thread 0x0000000002440800 DEOPT PACKING pc=0x00000000028afe34 sp=0x000000000234cab0
Event: 29.033 Thread 0x0000000002440800 DEOPT UNPACKING pc=0x000000000258582a sp=0x000000000234cac0 mode 2
Event: 29.049 loading class java/util/WeakHashMap$KeyIterator
Event: 29.052 loading class java/util/WeakHashMap$HashIterator
Event: 29.053 loading class java/util/WeakHashMap$HashIterator done
Event: 29.053 loading class java/util/WeakHashMap$KeyIterator done


Dynamic libraries:
0x00007ff75d950000 - 0x00007ff75d987000 	C:\Program Files\Java\jdk1.8.0_92\jre\bin\javaw.exe
0x00007ffdeef10000 - 0x00007ffdef0d2000 	C:\Windows\SYSTEM32\ntdll.dll
0x00007ffdecfb0000 - 0x00007ffded05d000 	C:\Windows\system32\KERNEL32.DLL
0x00007ffdec230000 - 0x00007ffdec40d000 	C:\Windows\system32\KERNELBASE.dll
0x00007ffded060000 - 0x00007ffded106000 	C:\Windows\system32\ADVAPI32.dll
0x00007ffded3a0000 - 0x00007ffded43d000 	C:\Windows\system32\msvcrt.dll
0x00007ffded110000 - 0x00007ffded16b000 	C:\Windows\system32\sechost.dll
0x00007ffdeede0000 - 0x00007ffdeef06000 	C:\Windows\system32\RPCRT4.dll
0x00007ffded170000 - 0x00007ffded2be000 	C:\Windows\system32\USER32.dll
0x00007ffdec730000 - 0x00007ffdec8b5000 	C:\Windows\system32\GDI32.dll
0x00007ffde4560000 - 0x00007ffde47d4000 	C:\Windows\WinSxS\amd64_microsoft.windows.common-controls_6595b64144ccf1df_6.0.10240.16384_none_f41f7b285750ef43\COMCTL32.dll
0x00007ffded790000 - 0x00007ffded7c6000 	C:\Windows\system32\IMM32.DLL
0x00007ffdec8c0000 - 0x00007ffdeca1c000 	C:\Windows\system32\MSCTF.dll
0x0000000069d00000 - 0x0000000069dd2000 	C:\Program Files\Java\jdk1.8.0_92\jre\bin\msvcr100.dll
0x0000000069440000 - 0x0000000069cd6000 	C:\Program Files\Java\jdk1.8.0_92\jre\bin\server\jvm.dll
0x00007ffdec5e0000 - 0x00007ffdec5e8000 	C:\Windows\system32\PSAPI.DLL
0x00007ffde2720000 - 0x00007ffde2729000 	C:\Windows\SYSTEM32\WSOCK32.dll
0x00007ffde9e80000 - 0x00007ffde9ea3000 	C:\Windows\SYSTEM32\WINMM.dll
0x00007ffded330000 - 0x00007ffded399000 	C:\Windows\system32\WS2_32.dll
0x00007ffdecd20000 - 0x00007ffdecd28000 	C:\Windows\system32\NSI.dll
0x00007ffde6bf0000 - 0x00007ffde6bfa000 	C:\Windows\SYSTEM32\VERSION.dll
0x00007ffde9b90000 - 0x00007ffde9bbc000 	C:\Windows\SYSTEM32\WINMMBASE.dll
0x00007ffdebb50000 - 0x00007ffdebb94000 	C:\Windows\system32\cfgmgr32.dll
0x00007ffdea210000 - 0x00007ffdea237000 	C:\Windows\SYSTEM32\DEVOBJ.dll
0x0000000069430000 - 0x000000006943f000 	C:\Program Files\Java\jdk1.8.0_92\jre\bin\verify.dll
0x0000000069de0000 - 0x0000000069e09000 	C:\Program Files\Java\jdk1.8.0_92\jre\bin\java.dll
0x0000000069ce0000 - 0x0000000069cf6000 	C:\Program Files\Java\jdk1.8.0_92\jre\bin\zip.dll
0x00007ffded8b0000 - 0x00007ffdeedd3000 	C:\Windows\system32\SHELL32.dll
0x00007ffdebc00000 - 0x00007ffdec229000 	C:\Windows\system32\windows.storage.dll
0x00007ffded4a0000 - 0x00007ffded71c000 	C:\Windows\system32\combase.dll
0x00007ffded720000 - 0x00007ffded771000 	C:\Windows\system32\shlwapi.dll
0x00007ffdeb960000 - 0x00007ffdeb96f000 	C:\Windows\system32\kernel.appcore.dll
0x00007ffdeba90000 - 0x00007ffdebb43000 	C:\Windows\system32\shcore.dll
0x00007ffdeb970000 - 0x00007ffdeb9ba000 	C:\Windows\system32\powrprof.dll
0x00007ffdeb940000 - 0x00007ffdeb953000 	C:\Windows\system32\profapi.dll
0x0000000069410000 - 0x000000006942a000 	C:\Program Files\Java\jdk1.8.0_92\jre\bin\net.dll
0x00007ffdeb140000 - 0x00007ffdeb19d000 	C:\Windows\system32\mswsock.dll
0x00000000693f0000 - 0x0000000069401000 	C:\Program Files\Java\jdk1.8.0_92\jre\bin\nio.dll

VM Arguments:
jvm_args: -Dmaven.home=EMBEDDED -Dclassworlds.conf=C:\Users\ravan\workspace\.metadata\.plugins\org.eclipse.m2e.launching\launches\m2conf8940205785156719049.tmp -Dmaven.multiModuleProjectDirectory=C:\Users\ravan\Documents\PathwayProj\pathway -Dfile.encoding=Cp1252 
java_command: org.codehaus.plexus.classworlds.launcher.Launcher -B install
java_class_path (initial): /C:/Users/ravan/eclipse/java-neon/eclipse/../../../.p2/pool/plugins/org.eclipse.m2e.maven.runtime_1.7.0.20160603-1931/jars/plexus-classworlds-2.5.2.jar
Launcher Type: SUN_STANDARD

Environment Variables:
PATH=C:/Program Files/Java/jre1.8.0_92/bin/server;C:/Program Files/Java/jre1.8.0_92/bin;C:/Program Files/Java/jre1.8.0_92/lib/amd64;C:\ProgramData\Oracle\Java\javapath;C:\Program Files\Broadcom\Broadcom 802.11 Network Adapter;C:\Program Files (x86)\Intel\TXE Components\TCS\;C:\Program Files\Intel\TXE Components\TCS\;C:\Windows\system32;C:\Windows;C:\Windows\System32\Wbem;C:\Windows\System32\WindowsPowerShell\v1.0\;C:\Program Files\Intel\TXE Components\DAL\;C:\Program Files (x86)\Intel\TXE Components\DAL\;C:\Program Files\Intel\TXE Components\IPT\;C:\Program Files (x86)\Intel\TXE Components\IPT\;C:\Program Files\Git\cmd;C:\Windows\system32;
USERNAME=ravan
OS=Windows_NT
PROCESSOR_IDENTIFIER=Intel64 Family 6 Model 76 Stepping 3, GenuineIntel



---------------  S Y S T E M  ---------------

OS: Windows 10.0 , 64 bit Build 10240 (10.0.10240.16384)

CPU:total 2 (2 cores per cpu, 1 threads per core) family 6 model 76 stepping 3, cmov, cx8, fxsr, mmx, sse, sse2, sse3, ssse3, sse4.1, sse4.2, popcnt, aes, clmul, erms, 3dnowpref, tsc, tscinvbit

Memory: 4k page, physical 1950992k(62580k free), swap 5624076k(6176k free)

vm_info: Java HotSpot(TM) 64-Bit Server VM (25.92-b14) for windows-amd64 JRE (1.8.0_92-b14), built on Mar 31 2016 21:03:04 by "java_re" with MS VC++ 10.0 (VS2010)

time: Tue Jul 26 07:53:46 2016
elapsed time: 29 seconds (0d 0h 0m 29s)

